<?xml version="1.0" encoding="UTF-8"?>
<testng-results ignored="0" total="1" passed="1" failed="0" skipped="0">
  <reporter-output>
  </reporter-output>
  <suite started-at="2025-05-14T16:26:25 AEST" name="Default suite" finished-at="2025-05-14T16:28:02 AEST" duration-ms="96818">
    <groups>
    </groups>
    <test started-at="2025-05-14T16:26:25 AEST" name="Default test" finished-at="2025-05-14T16:28:02 AEST" duration-ms="96818">
      <class name="MIT_DomainRegistration.com.End_to_End_DomainRegistration_ExistingCU">
        <test-method is-config="true" signature="Createacct()[pri:0, instance:MIT_DomainRegistration.com.End_to_End_DomainRegistration_ExistingCU@74f0ea28]" started-at="2025-05-14T16:26:25 AEST" name="Createacct" finished-at="2025-05-14T16:26:32 AEST" duration-ms="6691" status="PASS">
          <reporter-output>
          </reporter-output>
        </test-method> <!-- Createacct -->
        <test-method signature="domainregistration_ExistingCU()[pri:0, instance:MIT_DomainRegistration.com.End_to_End_DomainRegistration_ExistingCU@74f0ea28]" started-at="2025-05-14T16:26:32 AEST" name="domainregistration_ExistingCU" finished-at="2025-05-14T16:28:01 AEST" duration-ms="89643" status="PASS">
          <reporter-output>
          </reporter-output>
        </test-method> <!-- domainregistration_ExistingCU -->
        <test-method is-config="true" signature="cleanUP()[pri:0, instance:MIT_DomainRegistration.com.End_to_End_DomainRegistration_ExistingCU@74f0ea28]" started-at="2025-05-14T16:28:01 AEST" name="cleanUP" finished-at="2025-05-14T16:28:02 AEST" duration-ms="409" status="PASS">
          <reporter-output>
          </reporter-output>
        </test-method> <!-- cleanUP -->
      </class> <!-- MIT_DomainRegistration.com.End_to_End_DomainRegistration_ExistingCU -->
    </test> <!-- Default test -->
  </suite> <!-- Default suite -->
</testng-results>
